<?xml version="1.0" encoding="UTF-8"?>
<testng-results ignored="0" total="2" passed="2" failed="0" skipped="0">
  <reporter-output>
  </reporter-output>
  <suite started-at="2023-03-26T13:09:52 EDT" name="Default suite" finished-at="2023-03-26T13:10:04 EDT" duration-ms="12167">
    <groups>
    </groups>
    <test started-at="2023-03-26T13:09:52 EDT" name="Default test" finished-at="2023-03-26T13:10:04 EDT" duration-ms="12167">
      <class name="scripts.DownloadTranscriptScenario">
        <test-method is-config="true" signature="setDriver()[pri:0, instance:scripts.DownloadTranscriptScenario@2f4948e4]" started-at="2023-03-26T13:09:52 EDT" name="setDriver" finished-at="2023-03-26T13:09:54 EDT" duration-ms="1883" status="PASS">
          <reporter-output>
          </reporter-output>
        </test-method> <!-- setDriver -->
        <test-method signature="checkLogin()[pri:0, instance:scripts.DownloadTranscriptScenario@2f4948e4]" started-at="2023-03-26T13:09:54 EDT" name="checkLogin" finished-at="2023-03-26T13:09:59 EDT" duration-ms="5035" status="PASS">
          <reporter-output>
          </reporter-output>
        </test-method> <!-- checkLogin -->
        <test-method signature="loadCanvas()[pri:0, instance:scripts.DownloadTranscriptScenario@2f4948e4]" started-at="2023-03-26T13:09:59 EDT" name="loadCanvas" finished-at="2023-03-26T13:10:04 EDT" duration-ms="5188" status="PASS">
          <reporter-output>
          </reporter-output>
        </test-method> <!-- loadCanvas -->
      </class> <!-- scripts.DownloadTranscriptScenario -->
    </test> <!-- Default test -->
  </suite> <!-- Default suite -->
</testng-results>
