<?xml version="1.0" encoding="UTF-8"?>
<testng-results ignored="0" total="1" passed="1" failed="0" skipped="0">
  <reporter-output>
  </reporter-output>
  <suite started-at="2023-03-26T22:22:21 EDT" name="Default suite" finished-at="2023-03-26T22:22:50 EDT" duration-ms="29162">
    <groups>
    </groups>
    <test started-at="2023-03-26T22:22:21 EDT" name="Default test" finished-at="2023-03-26T22:22:50 EDT" duration-ms="29162">
      <class name="scripts.DownloadQuickGuide">
        <test-method is-config="true" signature="setDriver()[pri:0, instance:scripts.DownloadQuickGuide@6f03482]" started-at="2023-03-26T22:22:21 EDT" name="setDriver" finished-at="2023-03-26T22:22:23 EDT" duration-ms="1546" status="PASS">
          <reporter-output>
          </reporter-output>
        </test-method> <!-- setDriver -->
        <test-method signature="downloadQuickGuide(java.lang.String,java.lang.String)[pri:0, instance:scripts.DownloadQuickGuide@6f03482]" started-at="2023-03-26T22:22:23 EDT" name="downloadQuickGuide" data-provider="DP1" finished-at="2023-03-26T22:22:50 EDT" duration-ms="27344" status="PASS">
          <params>
            <param index="0">
              <value>
                <![CDATA[shah.pankti]]>
              </value>
            </param>
            <param index="1">
              <value>
                <![CDATA[UHNOZXVAMTIzNDU2Nzg5MTA=]]>
              </value>
            </param>
          </params>
          <reporter-output>
          </reporter-output>
        </test-method> <!-- downloadQuickGuide -->
      </class> <!-- scripts.DownloadQuickGuide -->
    </test> <!-- Default test -->
  </suite> <!-- Default suite -->
</testng-results>
