<?xml version="1.0" encoding="UTF-8"?>
<testng-results ignored="0" total="1" passed="0" failed="1" skipped="0">
  <reporter-output>
  </reporter-output>
  <suite started-at="2023-03-26T18:36:54 EDT" name="Default suite" finished-at="2023-03-26T18:37:23 EDT" duration-ms="28768">
    <groups>
    </groups>
    <test started-at="2023-03-26T18:36:54 EDT" name="Default test" finished-at="2023-03-26T18:37:23 EDT" duration-ms="28768">
      <class name="scripts.DownloadTranscriptScenario">
        <test-method is-config="true" signature="setDriver()[pri:0, instance:scripts.DownloadTranscriptScenario@9d5509a]" started-at="2023-03-26T18:36:54 EDT" name="setDriver" finished-at="2023-03-26T18:36:56 EDT" duration-ms="1498" status="PASS">
          <reporter-output>
          </reporter-output>
        </test-method> <!-- setDriver -->
        <test-method signature="downloadTranscripts(java.lang.String,java.lang.String)[pri:0, instance:scripts.DownloadTranscriptScenario@9d5509a]" started-at="2023-03-26T18:36:56 EDT" name="downloadTranscripts" data-provider="DP1" finished-at="2023-03-26T18:37:23 EDT" duration-ms="26984" status="FAIL">
          <params>
            <param index="0">
              <value>
                <![CDATA[tambe.ani]]>
              </value>
            </param>
            <param index="1">
              <value>
                <![CDATA[12@@Atc.]]>
              </value>
            </param>
          </params>
          <exception class="org.openqa.selenium.WebDriverException">
            <message>
              <![CDATA[disconnected: received Inspector.detached event
  (failed to check if window was closed: disconnected: Unable to receive message from renderer)
  (Session info: chrome=111.0.5563.111)
  (Driver info: chromedriver=111.0.5563.64 (c710e93d5b63b7095afe8c2c17df34408078439d-refs/branch-heads/5563@{#995}),platform=Windows NT 10.0.22000 x86_64) (WARNING: The server did not provide any stacktrace information)
Command duration or timeout: 9.95 seconds
Build info: version: '2.45.0', revision: '5017cb8e7ca8e37638dc3091b2440b90a1d8686f', time: '2015-02-27 09:10:26'
System info: host: 'Andy', ip: '172.20.10.11', os.name: 'Windows 11', os.arch: 'amd64', os.version: '10.0', java.version: '18'
Driver info: org.openqa.selenium.chrome.ChromeDriver
Capabilities [{mobileEmulationEnabled=false, timeouts={implicit=0, pageLoad=300000, script=30000}, hasTouchScreen=false, platform=XP, acceptSslCerts=false, goog:chromeOptions={debuggerAddress=localhost:56761}, webauthn:extension:credBlob=true, acceptInsecureCerts=false, webStorageEnabled=true, browserName=chrome, takesScreenshot=true, javascriptEnabled=true, setWindowRect=true, webauthn:extension:largeBlob=true, unexpectedAlertBehaviour=ignore, rotatable=false, networkConnectionEnabled=false, chrome={chromedriverVersion=111.0.5563.64 (c710e93d5b63b7095afe8c2c17df34408078439d-refs/branch-heads/5563@{#995}), userDataDir=C:\Users\18573\AppData\Local\Temp\scoped_dir7756_1187112807}, takesHeapSnapshot=true, pageLoadStrategy=normal, strictFileInteractability=false, databaseEnabled=false, handlesAlerts=true, version=111.0.5563.111, browserConnectionEnabled=false, proxy={}, nativeEvents=true, webauthn:extension:minPinLength=true, webauthn:extension:prf=true, locationContextEnabled=true, cssSelectorsEnabled=true, webauthn:virtualAuthenticators=true}]
Session ID: b8b775bffb1ca30580970df3f7e2ce37
*** Element info: {Using=id, value=KmsiCheckboxField}]]>
            </message>
            <full-stacktrace>
              <![CDATA[org.openqa.selenium.WebDriverException: disconnected: received Inspector.detached event
  (failed to check if window was closed: disconnected: Unable to receive message from renderer)
  (Session info: chrome=111.0.5563.111)
  (Driver info: chromedriver=111.0.5563.64 (c710e93d5b63b7095afe8c2c17df34408078439d-refs/branch-heads/5563@{#995}),platform=Windows NT 10.0.22000 x86_64) (WARNING: The server did not provide any stacktrace information)
Command duration or timeout: 9.95 seconds
Build info: version: '2.45.0', revision: '5017cb8e7ca8e37638dc3091b2440b90a1d8686f', time: '2015-02-27 09:10:26'
System info: host: 'Andy', ip: '172.20.10.11', os.name: 'Windows 11', os.arch: 'amd64', os.version: '10.0', java.version: '18'
Driver info: org.openqa.selenium.chrome.ChromeDriver
Capabilities [{mobileEmulationEnabled=false, timeouts={implicit=0, pageLoad=300000, script=30000}, hasTouchScreen=false, platform=XP, acceptSslCerts=false, goog:chromeOptions={debuggerAddress=localhost:56761}, webauthn:extension:credBlob=true, acceptInsecureCerts=false, webStorageEnabled=true, browserName=chrome, takesScreenshot=true, javascriptEnabled=true, setWindowRect=true, webauthn:extension:largeBlob=true, unexpectedAlertBehaviour=ignore, rotatable=false, networkConnectionEnabled=false, chrome={chromedriverVersion=111.0.5563.64 (c710e93d5b63b7095afe8c2c17df34408078439d-refs/branch-heads/5563@{#995}), userDataDir=C:\Users\18573\AppData\Local\Temp\scoped_dir7756_1187112807}, takesHeapSnapshot=true, pageLoadStrategy=normal, strictFileInteractability=false, databaseEnabled=false, handlesAlerts=true, version=111.0.5563.111, browserConnectionEnabled=false, proxy={}, nativeEvents=true, webauthn:extension:minPinLength=true, webauthn:extension:prf=true, locationContextEnabled=true, cssSelectorsEnabled=true, webauthn:virtualAuthenticators=true}]
Session ID: b8b775bffb1ca30580970df3f7e2ce37
*** Element info: {Using=id, value=KmsiCheckboxField}
at java.base/jdk.internal.reflect.DirectConstructorHandleAccessor.newInstance(DirectConstructorHandleAccessor.java:67)
at java.base/java.lang.reflect.Constructor.newInstanceWithCaller(Constructor.java:499)
at java.base/java.lang.reflect.Constructor.newInstance(Constructor.java:483)
at org.openqa.selenium.remote.ErrorHandler.createThrowable(ErrorHandler.java:204)
at org.openqa.selenium.remote.ErrorHandler.throwIfResponseFailed(ErrorHandler.java:156)
at org.openqa.selenium.remote.RemoteWebDriver.execute(RemoteWebDriver.java:599)
at org.openqa.selenium.remote.RemoteWebDriver.findElement(RemoteWebDriver.java:352)
at org.openqa.selenium.remote.RemoteWebDriver.findElementById(RemoteWebDriver.java:393)
at org.openqa.selenium.By$ById.findElement(By.java:214)
at org.openqa.selenium.remote.RemoteWebDriver.findElement(RemoteWebDriver.java:344)
at pages.SingleSignOnPOM.setDontShowAgain(SingleSignOnPOM.java:53)
at scripts.DownloadTranscriptScenario.downloadTranscripts(DownloadTranscriptScenario.java:56)
at java.base/jdk.internal.reflect.DirectMethodHandleAccessor.invoke(DirectMethodHandleAccessor.java:104)
at java.base/java.lang.reflect.Method.invoke(Method.java:577)
at org.testng.internal.MethodInvocationHelper.invokeMethod(MethodInvocationHelper.java:133)
at org.testng.internal.TestInvoker.invokeMethod(TestInvoker.java:598)
at org.testng.internal.TestInvoker.invokeTestMethod(TestInvoker.java:173)
at org.testng.internal.MethodRunner.runInSequence(MethodRunner.java:46)
at org.testng.internal.TestInvoker$MethodInvocationAgent.invoke(TestInvoker.java:824)
at org.testng.internal.TestInvoker.invokeTestMethods(TestInvoker.java:146)
at org.testng.internal.TestMethodWorker.invokeTestMethods(TestMethodWorker.java:146)
at org.testng.internal.TestMethodWorker.run(TestMethodWorker.java:128)
at java.base/java.util.ArrayList.forEach(ArrayList.java:1511)
at org.testng.TestRunner.privateRun(TestRunner.java:794)
at org.testng.TestRunner.run(TestRunner.java:596)
at org.testng.SuiteRunner.runTest(SuiteRunner.java:377)
at org.testng.SuiteRunner.runSequentially(SuiteRunner.java:371)
at org.testng.SuiteRunner.privateRun(SuiteRunner.java:332)
at org.testng.SuiteRunner.run(SuiteRunner.java:276)
at org.testng.SuiteRunnerWorker.runSuite(SuiteRunnerWorker.java:53)
at org.testng.SuiteRunnerWorker.run(SuiteRunnerWorker.java:96)
at org.testng.TestNG.runSuitesSequentially(TestNG.java:1212)
at org.testng.TestNG.runSuitesLocally(TestNG.java:1134)
at org.testng.TestNG.runSuites(TestNG.java:1063)
at org.testng.TestNG.run(TestNG.java:1031)
at org.testng.remote.AbstractRemoteTestNG.run(AbstractRemoteTestNG.java:115)
at org.testng.remote.RemoteTestNG.initAndRun(RemoteTestNG.java:251)
at org.testng.remote.RemoteTestNG.main(RemoteTestNG.java:77)
]]>
            </full-stacktrace>
          </exception> <!-- org.openqa.selenium.WebDriverException -->
          <reporter-output>
          </reporter-output>
        </test-method> <!-- downloadTranscripts -->
      </class> <!-- scripts.DownloadTranscriptScenario -->
    </test> <!-- Default test -->
  </suite> <!-- Default suite -->
</testng-results>
