<?xml version="1.0" encoding="UTF-8"?>
<testng-results ignored="0" total="1" passed="1" failed="0" skipped="0">
  <reporter-output>
  </reporter-output>
  <suite started-at="2023-03-26T21:55:53 EDT" name="Default suite" finished-at="2023-03-26T21:55:57 EDT" duration-ms="4062">
    <groups>
    </groups>
    <test started-at="2023-03-26T21:55:53 EDT" name="Default test" finished-at="2023-03-26T21:55:57 EDT" duration-ms="4062">
      <class name="scripts.WorkdayScenario">
        <test-method is-config="true" signature="setDriver()[pri:0, instance:scripts.WorkdayScenario@515aebb0]" started-at="2023-03-26T21:55:53 EDT" name="setDriver" finished-at="2023-03-26T21:55:55 EDT" duration-ms="2752" status="PASS">
          <reporter-output>
          </reporter-output>
        </test-method> <!-- setDriver -->
        <test-method signature="workdaylogin(java.lang.String,java.lang.String)[pri:0, instance:scripts.WorkdayScenario@515aebb0]" started-at="2023-03-26T21:55:56 EDT" name="workdaylogin" data-provider="DP1" finished-at="2023-03-26T21:55:57 EDT" duration-ms="925" status="PASS">
          <params>
            <param index="0">
              <value>
                <![CDATA[tambe.ani]]>
              </value>
            </param>
            <param index="1">
              <value>
                <![CDATA[12121@@Atc.Rtn.]]>
              </value>
            </param>
          </params>
          <reporter-output>
          </reporter-output>
        </test-method> <!-- workdaylogin -->
      </class> <!-- scripts.WorkdayScenario -->
    </test> <!-- Default test -->
  </suite> <!-- Default suite -->
</testng-results>
